{"C:\\Users\\Pravir\\final sdp\\Code_for_Team\\multerconfig.js": {"path":"C:\\Users\\Pravir\\final sdp\\Code_for_Team\\multerconfig.js","statementMap":{"0":{"start":{"line":4,"column":16},"end":{"line":4,"column":38}},"1":{"start":{"line":5,"column":15},"end":{"line":5,"column":43}},"2":{"start":{"line":7,"column":26},"end":{"line":7,"column":47}}},"fnMap":{},"branchMap":{},"s":{"0":1,"1":1,"2":1},"f":{},"b":{},"_coverageSchema":"1a1c01bbd47fc00a2c39e90264f33305004495a9","hash":"368e66e9333e9901174446b7daaaad096acebb6a"}
,"C:\\Users\\Pravir\\final sdp\\Code_for_Team\\Authentication\\RouteA.js": {"path":"C:\\Users\\Pravir\\final sdp\\Code_for_Team\\Authentication\\RouteA.js","statementMap":{"0":{"start":{"line":6,"column":15},"end":{"line":6,"column":31}},"1":{"start":{"line":9,"column":0},"end":{"line":12,"column":2}},"2":{"start":{"line":13,"column":0},"end":{"line":33,"column":2}},"3":{"start":{"line":36,"column":0},"end":{"line":44,"column":3}}},"fnMap":{"0":{"name":"(anonymous_0)","decl":{"start":{"line":16,"column":2},"end":{"line":16,"column":3}},"loc":{"start":{"line":16,"column":28},"end":{"line":32,"column":3}},"line":16},"1":{"name":"(anonymous_1)","decl":{"start":{"line":36,"column":22},"end":{"line":36,"column":23}},"loc":{"start":{"line":36,"column":42},"end":{"line":44,"column":1}},"line":36}},"branchMap":{},"s":{"0":1,"1":1,"2":1,"3":1},"f":{"0":0,"1":0},"b":{},"_coverageSchema":"1a1c01bbd47fc00a2c39e90264f33305004495a9","hash":"dca0b07493a0c97a92d6fee62cecd9f3f347669b"}
,"C:\\Users\\Pravir\\final sdp\\Code_for_Team\\Authentication\\passport.js": {"path":"C:\\Users\\Pravir\\final sdp\\Code_for_Team\\Authentication\\passport.js","statementMap":{"0":{"start":{"line":7,"column":0},"end":{"line":7,"column":16}},"1":{"start":{"line":8,"column":0},"end":{"line":48,"column":2}}},"fnMap":{"0":{"name":"(anonymous_0)","decl":{"start":{"line":16,"column":4},"end":{"line":16,"column":5}},"loc":{"start":{"line":16,"column":56},"end":{"line":46,"column":5}},"line":16}},"branchMap":{},"s":{"0":1,"1":1},"f":{"0":0},"b":{},"_coverageSchema":"1a1c01bbd47fc00a2c39e90264f33305004495a9","hash":"f4dcb913b511d1eca57a229e5bcb4ffd4fef4dbb"}
,"C:\\Users\\Pravir\\final sdp\\Code_for_Team\\Controllers\\Notification_Controller\\NotificationC.js": {"path":"C:\\Users\\Pravir\\final sdp\\Code_for_Team\\Controllers\\Notification_Controller\\NotificationC.js","statementMap":{"0":{"start":{"line":4,"column":34},"end":{"line":12,"column":1}},"1":{"start":{"line":5,"column":2},"end":{"line":11,"column":3}},"2":{"start":{"line":6,"column":28},"end":{"line":6,"column":53}},"3":{"start":{"line":7,"column":30},"end":{"line":7,"column":58}},"4":{"start":{"line":8,"column":4},"end":{"line":8,"column":29}},"5":{"start":{"line":10,"column":4},"end":{"line":10,"column":69}},"6":{"start":{"line":15,"column":35},"end":{"line":23,"column":1}},"7":{"start":{"line":16,"column":2},"end":{"line":22,"column":3}},"8":{"start":{"line":18,"column":26},"end":{"line":18,"column":84}},"9":{"start":{"line":19,"column":4},"end":{"line":19,"column":25}},"10":{"start":{"line":21,"column":4},"end":{"line":21,"column":70}},"11":{"start":{"line":26,"column":35},"end":{"line":36,"column":1}},"12":{"start":{"line":27,"column":2},"end":{"line":35,"column":3}},"13":{"start":{"line":28,"column":25},"end":{"line":28,"column":73}},"14":{"start":{"line":29,"column":4},"end":{"line":31,"column":5}},"15":{"start":{"line":30,"column":6},"end":{"line":30,"column":48}},"16":{"start":{"line":32,"column":4},"end":{"line":32,"column":24}},"17":{"start":{"line":34,"column":4},"end":{"line":34,"column":69}},"18":{"start":{"line":39,"column":38},"end":{"line":51,"column":1}},"19":{"start":{"line":40,"column":2},"end":{"line":50,"column":3}},"20":{"start":{"line":41,"column":25},"end":{"line":41,"column":56}},"21":{"start":{"line":42,"column":4},"end":{"line":44,"column":5}},"22":{"start":{"line":43,"column":6},"end":{"line":43,"column":48}},"23":{"start":{"line":45,"column":4},"end":{"line":45,"column":29}},"24":{"start":{"line":46,"column":32},"end":{"line":46,"column":57}},"25":{"start":{"line":47,"column":4},"end":{"line":47,"column":31}},"26":{"start":{"line":49,"column":4},"end":{"line":49,"column":69}},"27":{"start":{"line":54,"column":38},"end":{"line":64,"column":1}},"28":{"start":{"line":55,"column":2},"end":{"line":63,"column":3}},"29":{"start":{"line":56,"column":19},"end":{"line":56,"column":59}},"30":{"start":{"line":57,"column":4},"end":{"line":59,"column":5}},"31":{"start":{"line":58,"column":6},"end":{"line":58,"column":48}},"32":{"start":{"line":60,"column":4},"end":{"line":60,"column":18}},"33":{"start":{"line":62,"column":4},"end":{"line":62,"column":69}}},"fnMap":{"0":{"name":"(anonymous_0)","decl":{"start":{"line":4,"column":34},"end":{"line":4,"column":35}},"loc":{"start":{"line":4,"column":53},"end":{"line":12,"column":1}},"line":4},"1":{"name":"(anonymous_1)","decl":{"start":{"line":15,"column":35},"end":{"line":15,"column":36}},"loc":{"start":{"line":15,"column":53},"end":{"line":23,"column":1}},"line":15},"2":{"name":"(anonymous_2)","decl":{"start":{"line":26,"column":35},"end":{"line":26,"column":36}},"loc":{"start":{"line":26,"column":49},"end":{"line":36,"column":1}},"line":26},"3":{"name":"(anonymous_3)","decl":{"start":{"line":39,"column":38},"end":{"line":39,"column":39}},"loc":{"start":{"line":39,"column":52},"end":{"line":51,"column":1}},"line":39},"4":{"name":"(anonymous_4)","decl":{"start":{"line":54,"column":38},"end":{"line":54,"column":39}},"loc":{"start":{"line":54,"column":52},"end":{"line":64,"column":1}},"line":54}},"branchMap":{"0":{"loc":{"start":{"line":29,"column":4},"end":{"line":31,"column":5}},"type":"if","locations":[{"start":{"line":29,"column":4},"end":{"line":31,"column":5}},{"start":{},"end":{}}],"line":29},"1":{"loc":{"start":{"line":42,"column":4},"end":{"line":44,"column":5}},"type":"if","locations":[{"start":{"line":42,"column":4},"end":{"line":44,"column":5}},{"start":{},"end":{}}],"line":42},"2":{"loc":{"start":{"line":57,"column":4},"end":{"line":59,"column":5}},"type":"if","locations":[{"start":{"line":57,"column":4},"end":{"line":59,"column":5}},{"start":{},"end":{}}],"line":57}},"s":{"0":1,"1":3,"2":3,"3":3,"4":2,"5":1,"6":1,"7":1,"8":1,"9":1,"10":0,"11":1,"12":1,"13":1,"14":1,"15":0,"16":1,"17":0,"18":1,"19":2,"20":2,"21":1,"22":0,"23":1,"24":1,"25":1,"26":1,"27":1,"28":1,"29":1,"30":1,"31":0,"32":1,"33":0},"f":{"0":3,"1":1,"2":1,"3":2,"4":1},"b":{"0":[0,1],"1":[0,1],"2":[0,1]},"_coverageSchema":"1a1c01bbd47fc00a2c39e90264f33305004495a9","hash":"c58d3adbf7229e1bea5c2ab521b8a26362901125"}
,"C:\\Users\\Pravir\\final sdp\\Code_for_Team\\Controllers\\User_Controller\\UserC.js": {"path":"C:\\Users\\Pravir\\final sdp\\Code_for_Team\\Controllers\\User_Controller\\UserC.js","statementMap":{"0":{"start":{"line":6,"column":26},"end":{"line":37,"column":1}},"1":{"start":{"line":7,"column":2},"end":{"line":36,"column":3}},"2":{"start":{"line":9,"column":29},"end":{"line":9,"column":31}},"3":{"start":{"line":10,"column":4},"end":{"line":16,"column":5}},"4":{"start":{"line":11,"column":6},"end":{"line":15,"column":8}},"5":{"start":{"line":19,"column":20},"end":{"line":22,"column":6}},"6":{"start":{"line":24,"column":22},"end":{"line":24,"column":42}},"7":{"start":{"line":26,"column":18},"end":{"line":30,"column":5}},"8":{"start":{"line":33,"column":4},"end":{"line":33,"column":38}},"9":{"start":{"line":35,"column":4},"end":{"line":35,"column":61}},"10":{"start":{"line":39,"column":25},"end":{"line":61,"column":1}},"11":{"start":{"line":40,"column":2},"end":{"line":60,"column":3}},"12":{"start":{"line":41,"column":17},"end":{"line":41,"column":46}},"13":{"start":{"line":42,"column":4},"end":{"line":44,"column":5}},"14":{"start":{"line":43,"column":6},"end":{"line":43,"column":40}},"15":{"start":{"line":46,"column":20},"end":{"line":46,"column":65}},"16":{"start":{"line":47,"column":4},"end":{"line":49,"column":5}},"17":{"start":{"line":48,"column":6},"end":{"line":48,"column":45}},"18":{"start":{"line":51,"column":18},"end":{"line":55,"column":5}},"19":{"start":{"line":57,"column":4},"end":{"line":57,"column":66}},"20":{"start":{"line":59,"column":4},"end":{"line":59,"column":63}},"21":{"start":{"line":64,"column":27},"end":{"line":67,"column":1}},"22":{"start":{"line":65,"column":18},"end":{"line":65,"column":35}},"23":{"start":{"line":66,"column":4},"end":{"line":66,"column":17}},"24":{"start":{"line":70,"column":27},"end":{"line":80,"column":1}},"25":{"start":{"line":71,"column":2},"end":{"line":79,"column":3}},"26":{"start":{"line":72,"column":17},"end":{"line":72,"column":40}},"27":{"start":{"line":73,"column":4},"end":{"line":75,"column":5}},"28":{"start":{"line":74,"column":6},"end":{"line":74,"column":40}},"29":{"start":{"line":76,"column":4},"end":{"line":76,"column":16}},"30":{"start":{"line":78,"column":4},"end":{"line":78,"column":61}},"31":{"start":{"line":83,"column":26},"end":{"line":110,"column":1}},"32":{"start":{"line":84,"column":2},"end":{"line":109,"column":3}},"33":{"start":{"line":85,"column":17},"end":{"line":85,"column":40}},"34":{"start":{"line":86,"column":4},"end":{"line":88,"column":5}},"35":{"start":{"line":87,"column":6},"end":{"line":87,"column":40}},"36":{"start":{"line":91,"column":4},"end":{"line":97,"column":5}},"37":{"start":{"line":92,"column":6},"end":{"line":96,"column":8}},"38":{"start":{"line":100,"column":4},"end":{"line":102,"column":7}},"39":{"start":{"line":101,"column":6},"end":{"line":101,"column":31}},"40":{"start":{"line":105,"column":24},"end":{"line":105,"column":41}},"41":{"start":{"line":106,"column":4},"end":{"line":106,"column":23}},"42":{"start":{"line":108,"column":4},"end":{"line":108,"column":61}},"43":{"start":{"line":114,"column":30},"end":{"line":124,"column":1}},"44":{"start":{"line":115,"column":2},"end":{"line":123,"column":3}},"45":{"start":{"line":116,"column":19},"end":{"line":116,"column":51}},"46":{"start":{"line":117,"column":4},"end":{"line":119,"column":5}},"47":{"start":{"line":118,"column":6},"end":{"line":118,"column":40}},"48":{"start":{"line":120,"column":4},"end":{"line":120,"column":18}},"49":{"start":{"line":122,"column":4},"end":{"line":122,"column":61}}},"fnMap":{"0":{"name":"(anonymous_0)","decl":{"start":{"line":6,"column":26},"end":{"line":6,"column":27}},"loc":{"start":{"line":6,"column":51},"end":{"line":37,"column":1}},"line":6},"1":{"name":"(anonymous_1)","decl":{"start":{"line":39,"column":25},"end":{"line":39,"column":26}},"loc":{"start":{"line":39,"column":52},"end":{"line":61,"column":1}},"line":39},"2":{"name":"(anonymous_2)","decl":{"start":{"line":64,"column":27},"end":{"line":64,"column":28}},"loc":{"start":{"line":64,"column":39},"end":{"line":67,"column":1}},"line":64},"3":{"name":"(anonymous_3)","decl":{"start":{"line":70,"column":27},"end":{"line":70,"column":28}},"loc":{"start":{"line":70,"column":41},"end":{"line":80,"column":1}},"line":70},"4":{"name":"(anonymous_4)","decl":{"start":{"line":83,"column":26},"end":{"line":83,"column":27}},"loc":{"start":{"line":83,"column":55},"end":{"line":110,"column":1}},"line":83},"5":{"name":"(anonymous_5)","decl":{"start":{"line":100,"column":33},"end":{"line":100,"column":34}},"loc":{"start":{"line":100,"column":42},"end":{"line":102,"column":5}},"line":100},"6":{"name":"(anonymous_6)","decl":{"start":{"line":114,"column":30},"end":{"line":114,"column":31}},"loc":{"start":{"line":114,"column":44},"end":{"line":124,"column":1}},"line":114}},"branchMap":{"0":{"loc":{"start":{"line":10,"column":4},"end":{"line":16,"column":5}},"type":"if","locations":[{"start":{"line":10,"column":4},"end":{"line":16,"column":5}},{"start":{},"end":{}}],"line":10},"1":{"loc":{"start":{"line":42,"column":4},"end":{"line":44,"column":5}},"type":"if","locations":[{"start":{"line":42,"column":4},"end":{"line":44,"column":5}},{"start":{},"end":{}}],"line":42},"2":{"loc":{"start":{"line":47,"column":4},"end":{"line":49,"column":5}},"type":"if","locations":[{"start":{"line":47,"column":4},"end":{"line":49,"column":5}},{"start":{},"end":{}}],"line":47},"3":{"loc":{"start":{"line":73,"column":4},"end":{"line":75,"column":5}},"type":"if","locations":[{"start":{"line":73,"column":4},"end":{"line":75,"column":5}},{"start":{},"end":{}}],"line":73},"4":{"loc":{"start":{"line":86,"column":4},"end":{"line":88,"column":5}},"type":"if","locations":[{"start":{"line":86,"column":4},"end":{"line":88,"column":5}},{"start":{},"end":{}}],"line":86},"5":{"loc":{"start":{"line":91,"column":4},"end":{"line":97,"column":5}},"type":"if","locations":[{"start":{"line":91,"column":4},"end":{"line":97,"column":5}},{"start":{},"end":{}}],"line":91},"6":{"loc":{"start":{"line":117,"column":4},"end":{"line":119,"column":5}},"type":"if","locations":[{"start":{"line":117,"column":4},"end":{"line":119,"column":5}},{"start":{},"end":{}}],"line":117}},"s":{"0":1,"1":2,"2":2,"3":2,"4":0,"5":2,"6":2,"7":2,"8":2,"9":0,"10":1,"11":1,"12":1,"13":1,"14":1,"15":0,"16":0,"17":0,"18":0,"19":0,"20":1,"21":1,"22":1,"23":1,"24":1,"25":2,"26":2,"27":2,"28":1,"29":1,"30":1,"31":1,"32":2,"33":2,"34":2,"35":0,"36":2,"37":1,"38":2,"39":2,"40":2,"41":2,"42":0,"43":1,"44":2,"45":2,"46":2,"47":0,"48":2,"49":0},"f":{"0":2,"1":1,"2":1,"3":2,"4":2,"5":2,"6":2},"b":{"0":[0,2],"1":[1,0],"2":[0,0],"3":[1,1],"4":[0,2],"5":[1,1],"6":[0,2]},"_coverageSchema":"1a1c01bbd47fc00a2c39e90264f33305004495a9","hash":"7d8d56bd1537913bde2897dc5b3851ae786e803f"}
,"C:\\Users\\Pravir\\final sdp\\Code_for_Team\\Controllers\\VirtualTutoring_Controller\\VirtualTutoringC.js": {"path":"C:\\Users\\Pravir\\final sdp\\Code_for_Team\\Controllers\\VirtualTutoring_Controller\\VirtualTutoringC.js","statementMap":{"0":{"start":{"line":4,"column":29},"end":{"line":12,"column":1}},"1":{"start":{"line":5,"column":2},"end":{"line":11,"column":3}},"2":{"start":{"line":6,"column":23},"end":{"line":6,"column":51}},"3":{"start":{"line":7,"column":25},"end":{"line":7,"column":48}},"4":{"start":{"line":8,"column":4},"end":{"line":8,"column":24}},"5":{"start":{"line":10,"column":4},"end":{"line":10,"column":64}},"6":{"start":{"line":15,"column":30},"end":{"line":24,"column":1}},"7":{"start":{"line":16,"column":2},"end":{"line":23,"column":3}},"8":{"start":{"line":17,"column":21},"end":{"line":19,"column":37}},"9":{"start":{"line":20,"column":4},"end":{"line":20,"column":20}},"10":{"start":{"line":22,"column":4},"end":{"line":22,"column":65}},"11":{"start":{"line":27,"column":30},"end":{"line":39,"column":1}},"12":{"start":{"line":28,"column":2},"end":{"line":38,"column":3}},"13":{"start":{"line":29,"column":20},"end":{"line":31,"column":37}},"14":{"start":{"line":32,"column":4},"end":{"line":34,"column":5}},"15":{"start":{"line":33,"column":6},"end":{"line":33,"column":43}},"16":{"start":{"line":35,"column":4},"end":{"line":35,"column":19}},"17":{"start":{"line":37,"column":4},"end":{"line":37,"column":64}},"18":{"start":{"line":42,"column":29},"end":{"line":58,"column":1}},"19":{"start":{"line":43,"column":2},"end":{"line":57,"column":3}},"20":{"start":{"line":44,"column":20},"end":{"line":44,"column":54}},"21":{"start":{"line":45,"column":4},"end":{"line":47,"column":5}},"22":{"start":{"line":46,"column":6},"end":{"line":46,"column":43}},"23":{"start":{"line":49,"column":4},"end":{"line":51,"column":7}},"24":{"start":{"line":50,"column":6},"end":{"line":50,"column":34}},"25":{"start":{"line":53,"column":27},"end":{"line":53,"column":47}},"26":{"start":{"line":54,"column":4},"end":{"line":54,"column":26}},"27":{"start":{"line":56,"column":4},"end":{"line":56,"column":64}},"28":{"start":{"line":61,"column":33},"end":{"line":71,"column":1}},"29":{"start":{"line":62,"column":2},"end":{"line":70,"column":3}},"30":{"start":{"line":63,"column":19},"end":{"line":63,"column":62}},"31":{"start":{"line":64,"column":4},"end":{"line":66,"column":5}},"32":{"start":{"line":65,"column":6},"end":{"line":65,"column":43}},"33":{"start":{"line":67,"column":4},"end":{"line":67,"column":18}},"34":{"start":{"line":69,"column":4},"end":{"line":69,"column":64}},"35":{"start":{"line":74,"column":38},"end":{"line":88,"column":1}},"36":{"start":{"line":75,"column":2},"end":{"line":87,"column":3}},"37":{"start":{"line":76,"column":21},"end":{"line":78,"column":37}},"38":{"start":{"line":80,"column":4},"end":{"line":82,"column":5}},"39":{"start":{"line":84,"column":4},"end":{"line":84,"column":20}},"40":{"start":{"line":86,"column":4},"end":{"line":86,"column":77}}},"fnMap":{"0":{"name":"(anonymous_0)","decl":{"start":{"line":4,"column":29},"end":{"line":4,"column":30}},"loc":{"start":{"line":4,"column":48},"end":{"line":12,"column":1}},"line":4},"1":{"name":"(anonymous_1)","decl":{"start":{"line":15,"column":30},"end":{"line":15,"column":31}},"loc":{"start":{"line":15,"column":42},"end":{"line":24,"column":1}},"line":15},"2":{"name":"(anonymous_2)","decl":{"start":{"line":27,"column":30},"end":{"line":27,"column":31}},"loc":{"start":{"line":27,"column":44},"end":{"line":39,"column":1}},"line":27},"3":{"name":"(anonymous_3)","decl":{"start":{"line":42,"column":29},"end":{"line":42,"column":30}},"loc":{"start":{"line":42,"column":52},"end":{"line":58,"column":1}},"line":42},"4":{"name":"(anonymous_4)","decl":{"start":{"line":49,"column":33},"end":{"line":49,"column":34}},"loc":{"start":{"line":49,"column":42},"end":{"line":51,"column":5}},"line":49},"5":{"name":"(anonymous_5)","decl":{"start":{"line":61,"column":33},"end":{"line":61,"column":34}},"loc":{"start":{"line":61,"column":47},"end":{"line":71,"column":1}},"line":61},"6":{"name":"(anonymous_6)","decl":{"start":{"line":74,"column":38},"end":{"line":74,"column":39}},"loc":{"start":{"line":74,"column":59},"end":{"line":88,"column":1}},"line":74}},"branchMap":{"0":{"loc":{"start":{"line":32,"column":4},"end":{"line":34,"column":5}},"type":"if","locations":[{"start":{"line":32,"column":4},"end":{"line":34,"column":5}},{"start":{},"end":{}}],"line":32},"1":{"loc":{"start":{"line":45,"column":4},"end":{"line":47,"column":5}},"type":"if","locations":[{"start":{"line":45,"column":4},"end":{"line":47,"column":5}},{"start":{},"end":{}}],"line":45},"2":{"loc":{"start":{"line":64,"column":4},"end":{"line":66,"column":5}},"type":"if","locations":[{"start":{"line":64,"column":4},"end":{"line":66,"column":5}},{"start":{},"end":{}}],"line":64},"3":{"loc":{"start":{"line":80,"column":4},"end":{"line":82,"column":5}},"type":"if","locations":[{"start":{"line":80,"column":4},"end":{"line":82,"column":5}},{"start":{},"end":{}}],"line":80}},"s":{"0":1,"1":1,"2":1,"3":1,"4":1,"5":0,"6":1,"7":1,"8":1,"9":1,"10":0,"11":1,"12":2,"13":2,"14":2,"15":1,"16":1,"17":1,"18":1,"19":1,"20":1,"21":1,"22":0,"23":1,"24":1,"25":1,"26":1,"27":0,"28":1,"29":1,"30":1,"31":1,"32":0,"33":1,"34":0,"35":1,"36":2,"37":2,"38":2,"39":2,"40":0},"f":{"0":1,"1":1,"2":2,"3":1,"4":1,"5":1,"6":2},"b":{"0":[1,1],"1":[0,1],"2":[0,1],"3":[1,1]},"_coverageSchema":"1a1c01bbd47fc00a2c39e90264f33305004495a9","hash":"71a19e82db6b33b71f131f749fe20011dfdc1b66"}
,"C:\\Users\\Pravir\\final sdp\\Code_for_Team\\Models\\Booking.js": {"path":"C:\\Users\\Pravir\\final sdp\\Code_for_Team\\Models\\Booking.js","statementMap":{"0":{"start":{"line":4,"column":22},"end":{"line":69,"column":24}},"1":{"start":{"line":50,"column":28},"end":{"line":50,"column":63}},"2":{"start":{"line":55,"column":28},"end":{"line":55,"column":63}},"3":{"start":{"line":72,"column":16},"end":{"line":72,"column":56}}},"fnMap":{"0":{"name":"(anonymous_0)","decl":{"start":{"line":50,"column":14},"end":{"line":50,"column":15}},"loc":{"start":{"line":50,"column":26},"end":{"line":50,"column":65}},"line":50},"1":{"name":"(anonymous_1)","decl":{"start":{"line":55,"column":14},"end":{"line":55,"column":15}},"loc":{"start":{"line":55,"column":26},"end":{"line":55,"column":65}},"line":55}},"branchMap":{},"s":{"0":1,"1":4,"2":4,"3":1},"f":{"0":4,"1":4},"b":{},"_coverageSchema":"1a1c01bbd47fc00a2c39e90264f33305004495a9","hash":"1fe9f722e702eb860c7973ac026439b9b6d4cc05"}
,"C:\\Users\\Pravir\\final sdp\\Code_for_Team\\Models\\Notification.js": {"path":"C:\\Users\\Pravir\\final sdp\\Code_for_Team\\Models\\Notification.js","statementMap":{"0":{"start":{"line":3,"column":27},"end":{"line":17,"column":24}},"1":{"start":{"line":19,"column":21},"end":{"line":19,"column":71}}},"fnMap":{},"branchMap":{},"s":{"0":1,"1":1},"f":{},"b":{},"_coverageSchema":"1a1c01bbd47fc00a2c39e90264f33305004495a9","hash":"d9e4f5d86abc6ed3211593f1d85e5c8fce1ec71c"}
,"C:\\Users\\Pravir\\final sdp\\Code_for_Team\\Models\\Resourcefile.js": {"path":"C:\\Users\\Pravir\\final sdp\\Code_for_Team\\Models\\Resourcefile.js","statementMap":{"0":{"start":{"line":3,"column":27},"end":{"line":28,"column":24}},"1":{"start":{"line":30,"column":21},"end":{"line":30,"column":71}}},"fnMap":{},"branchMap":{},"s":{"0":1,"1":1},"f":{},"b":{},"_coverageSchema":"1a1c01bbd47fc00a2c39e90264f33305004495a9","hash":"094c92d7a3ea56bc76209f67f2815f791ade7d6e"}
,"C:\\Users\\Pravir\\final sdp\\Code_for_Team\\Models\\Resources.js": {"path":"C:\\Users\\Pravir\\final sdp\\Code_for_Team\\Models\\Resources.js","statementMap":{"0":{"start":{"line":4,"column":23},"end":{"line":29,"column":24}},"1":{"start":{"line":32,"column":17},"end":{"line":32,"column":59}}},"fnMap":{},"branchMap":{},"s":{"0":1,"1":1},"f":{},"b":{},"_coverageSchema":"1a1c01bbd47fc00a2c39e90264f33305004495a9","hash":"a82d4d27670136bdd30bd4835c87156a3928d305"}
,"C:\\Users\\Pravir\\final sdp\\Code_for_Team\\Models\\User.js": {"path":"C:\\Users\\Pravir\\final sdp\\Code_for_Team\\Models\\User.js","statementMap":{"0":{"start":{"line":5,"column":19},"end":{"line":69,"column":24}},"1":{"start":{"line":28,"column":8},"end":{"line":28,"column":124}},"2":{"start":{"line":72,"column":0},"end":{"line":86,"column":3}},"3":{"start":{"line":73,"column":2},"end":{"line":75,"column":3}},"4":{"start":{"line":74,"column":4},"end":{"line":74,"column":57}},"5":{"start":{"line":77,"column":2},"end":{"line":84,"column":1}},"6":{"start":{"line":78,"column":4},"end":{"line":83,"column":5}},"7":{"start":{"line":79,"column":8},"end":{"line":79,"column":34}},"8":{"start":{"line":80,"column":8},"end":{"line":80,"column":40}},"9":{"start":{"line":81,"column":11},"end":{"line":83,"column":5}},"10":{"start":{"line":82,"column":8},"end":{"line":82,"column":33}},"11":{"start":{"line":85,"column":2},"end":{"line":85,"column":9}},"12":{"start":{"line":89,"column":13},"end":{"line":89,"column":47}}},"fnMap":{"0":{"name":"(anonymous_0)","decl":{"start":{"line":21,"column":17},"end":{"line":21,"column":18}},"loc":{"start":{"line":21,"column":34},"end":{"line":29,"column":7}},"line":21},"1":{"name":"(anonymous_1)","decl":{"start":{"line":72,"column":23},"end":{"line":72,"column":24}},"loc":{"start":{"line":72,"column":45},"end":{"line":86,"column":1}},"line":72}},"branchMap":{"0":{"loc":{"start":{"line":73,"column":2},"end":{"line":75,"column":3}},"type":"if","locations":[{"start":{"line":73,"column":2},"end":{"line":75,"column":3}},{"start":{},"end":{}}],"line":73},"1":{"loc":{"start":{"line":77,"column":2},"end":{"line":84,"column":1}},"type":"if","locations":[{"start":{"line":77,"column":2},"end":{"line":84,"column":1}},{"start":{},"end":{}}],"line":77},"2":{"loc":{"start":{"line":78,"column":4},"end":{"line":83,"column":5}},"type":"if","locations":[{"start":{"line":78,"column":4},"end":{"line":83,"column":5}},{"start":{"line":81,"column":11},"end":{"line":83,"column":5}}],"line":78},"3":{"loc":{"start":{"line":81,"column":11},"end":{"line":83,"column":5}},"type":"if","locations":[{"start":{"line":81,"column":11},"end":{"line":83,"column":5}},{"start":{},"end":{}}],"line":81}},"s":{"0":1,"1":4,"2":1,"3":4,"4":4,"5":4,"6":2,"7":1,"8":1,"9":1,"10":1,"11":4,"12":1},"f":{"0":4,"1":4},"b":{"0":[4,0],"1":[2,2],"2":[1,1],"3":[1,0]},"_coverageSchema":"1a1c01bbd47fc00a2c39e90264f33305004495a9","hash":"0101076aa6ce0e20c67a7d41011ad91b8718d4ce"}
,"C:\\Users\\Pravir\\final sdp\\Code_for_Team\\Models\\VirtualTutoring.js": {"path":"C:\\Users\\Pravir\\final sdp\\Code_for_Team\\Models\\VirtualTutoring.js","statementMap":{"0":{"start":{"line":4,"column":30},"end":{"line":34,"column":2}},"1":{"start":{"line":36,"column":23},"end":{"line":36,"column":79}}},"fnMap":{},"branchMap":{},"s":{"0":1,"1":1},"f":{},"b":{},"_coverageSchema":"1a1c01bbd47fc00a2c39e90264f33305004495a9","hash":"e28113a7baa7485ef2e0d30b5c3e756403e1f50d"}
,"C:\\Users\\Pravir\\final sdp\\Code_for_Team\\Routes\\Booking_Routes\\BookingR.js": {"path":"C:\\Users\\Pravir\\final sdp\\Code_for_Team\\Routes\\Booking_Routes\\BookingR.js","statementMap":{"0":{"start":{"line":16,"column":15},"end":{"line":16,"column":31}},"1":{"start":{"line":19,"column":0},"end":{"line":26,"column":3}},"2":{"start":{"line":20,"column":2},"end":{"line":25,"column":3}},"3":{"start":{"line":21,"column":21},"end":{"line":21,"column":43}},"4":{"start":{"line":22,"column":4},"end":{"line":22,"column":35}},"5":{"start":{"line":24,"column":4},"end":{"line":24,"column":87}},"6":{"start":{"line":29,"column":0},"end":{"line":41,"column":3}},"7":{"start":{"line":30,"column":17},"end":{"line":30,"column":27}},"8":{"start":{"line":31,"column":2},"end":{"line":40,"column":3}},"9":{"start":{"line":32,"column":20},"end":{"line":32,"column":44}},"10":{"start":{"line":33,"column":4},"end":{"line":37,"column":5}},"11":{"start":{"line":34,"column":6},"end":{"line":34,"column":36}},"12":{"start":{"line":36,"column":6},"end":{"line":36,"column":61}},"13":{"start":{"line":39,"column":4},"end":{"line":39,"column":86}},"14":{"start":{"line":44,"column":0},"end":{"line":52,"column":3}},"15":{"start":{"line":45,"column":21},"end":{"line":45,"column":29}},"16":{"start":{"line":46,"column":2},"end":{"line":51,"column":3}},"17":{"start":{"line":47,"column":20},"end":{"line":47,"column":51}},"18":{"start":{"line":48,"column":4},"end":{"line":48,"column":34}},"19":{"start":{"line":50,"column":4},"end":{"line":50,"column":86}},"20":{"start":{"line":55,"column":0},"end":{"line":68,"column":3}},"21":{"start":{"line":56,"column":17},"end":{"line":56,"column":27}},"22":{"start":{"line":57,"column":18},"end":{"line":57,"column":26}},"23":{"start":{"line":58,"column":2},"end":{"line":67,"column":3}},"24":{"start":{"line":59,"column":20},"end":{"line":59,"column":52}},"25":{"start":{"line":60,"column":4},"end":{"line":64,"column":5}},"26":{"start":{"line":61,"column":6},"end":{"line":61,"column":36}},"27":{"start":{"line":63,"column":6},"end":{"line":63,"column":61}},"28":{"start":{"line":66,"column":4},"end":{"line":66,"column":86}},"29":{"start":{"line":71,"column":0},"end":{"line":84,"column":3}},"30":{"start":{"line":72,"column":17},"end":{"line":72,"column":27}},"31":{"start":{"line":73,"column":21},"end":{"line":73,"column":29}},"32":{"start":{"line":74,"column":2},"end":{"line":83,"column":3}},"33":{"start":{"line":75,"column":20},"end":{"line":75,"column":51}},"34":{"start":{"line":76,"column":4},"end":{"line":80,"column":5}},"35":{"start":{"line":77,"column":6},"end":{"line":77,"column":36}},"36":{"start":{"line":79,"column":6},"end":{"line":79,"column":61}},"37":{"start":{"line":82,"column":4},"end":{"line":82,"column":87}},"38":{"start":{"line":87,"column":0},"end":{"line":96,"column":3}},"39":{"start":{"line":88,"column":17},"end":{"line":88,"column":27}},"40":{"start":{"line":89,"column":2},"end":{"line":95,"column":3}},"41":{"start":{"line":91,"column":32},"end":{"line":91,"column":71}},"42":{"start":{"line":92,"column":6},"end":{"line":92,"column":46}},"43":{"start":{"line":94,"column":6},"end":{"line":94,"column":99}},"44":{"start":{"line":98,"column":0},"end":{"line":107,"column":3}},"45":{"start":{"line":99,"column":17},"end":{"line":99,"column":27}},"46":{"start":{"line":100,"column":2},"end":{"line":106,"column":3}},"47":{"start":{"line":102,"column":32},"end":{"line":102,"column":70}},"48":{"start":{"line":103,"column":6},"end":{"line":103,"column":46}},"49":{"start":{"line":105,"column":6},"end":{"line":105,"column":99}},"50":{"start":{"line":111,"column":0},"end":{"line":123,"column":3}},"51":{"start":{"line":112,"column":17},"end":{"line":112,"column":27}},"52":{"start":{"line":113,"column":2},"end":{"line":122,"column":3}},"53":{"start":{"line":114,"column":19},"end":{"line":114,"column":46}},"54":{"start":{"line":115,"column":4},"end":{"line":119,"column":5}},"55":{"start":{"line":116,"column":6},"end":{"line":116,"column":72}},"56":{"start":{"line":118,"column":6},"end":{"line":118,"column":61}},"57":{"start":{"line":121,"column":4},"end":{"line":121,"column":86}},"58":{"start":{"line":125,"column":0},"end":{"line":137,"column":3}},"59":{"start":{"line":126,"column":17},"end":{"line":126,"column":27}},"60":{"start":{"line":127,"column":2},"end":{"line":136,"column":3}},"61":{"start":{"line":128,"column":20},"end":{"line":128,"column":47}},"62":{"start":{"line":129,"column":4},"end":{"line":133,"column":5}},"63":{"start":{"line":130,"column":6},"end":{"line":130,"column":36}},"64":{"start":{"line":132,"column":6},"end":{"line":132,"column":62}},"65":{"start":{"line":135,"column":4},"end":{"line":135,"column":86}},"66":{"start":{"line":139,"column":0},"end":{"line":148,"column":3}},"67":{"start":{"line":140,"column":17},"end":{"line":140,"column":27}},"68":{"start":{"line":141,"column":2},"end":{"line":147,"column":3}},"69":{"start":{"line":143,"column":32},"end":{"line":143,"column":82}},"70":{"start":{"line":144,"column":6},"end":{"line":144,"column":46}},"71":{"start":{"line":146,"column":6},"end":{"line":146,"column":99}},"72":{"start":{"line":151,"column":0},"end":{"line":163,"column":3}},"73":{"start":{"line":152,"column":17},"end":{"line":152,"column":27}},"74":{"start":{"line":153,"column":2},"end":{"line":162,"column":3}},"75":{"start":{"line":154,"column":28},"end":{"line":154,"column":59}},"76":{"start":{"line":155,"column":4},"end":{"line":159,"column":5}},"77":{"start":{"line":156,"column":6},"end":{"line":156,"column":44}},"78":{"start":{"line":158,"column":6},"end":{"line":158,"column":61}},"79":{"start":{"line":161,"column":4},"end":{"line":161,"column":97}}},"fnMap":{"0":{"name":"(anonymous_0)","decl":{"start":{"line":19,"column":16},"end":{"line":19,"column":17}},"loc":{"start":{"line":19,"column":36},"end":{"line":26,"column":1}},"line":19},"1":{"name":"(anonymous_1)","decl":{"start":{"line":29,"column":19},"end":{"line":29,"column":20}},"loc":{"start":{"line":29,"column":39},"end":{"line":41,"column":1}},"line":29},"2":{"name":"(anonymous_2)","decl":{"start":{"line":44,"column":17},"end":{"line":44,"column":18}},"loc":{"start":{"line":44,"column":37},"end":{"line":52,"column":1}},"line":44},"3":{"name":"(anonymous_3)","decl":{"start":{"line":55,"column":19},"end":{"line":55,"column":20}},"loc":{"start":{"line":55,"column":39},"end":{"line":68,"column":1}},"line":55},"4":{"name":"(anonymous_4)","decl":{"start":{"line":71,"column":26},"end":{"line":71,"column":27}},"loc":{"start":{"line":71,"column":46},"end":{"line":84,"column":1}},"line":71},"5":{"name":"(anonymous_5)","decl":{"start":{"line":87,"column":37},"end":{"line":87,"column":38}},"loc":{"start":{"line":87,"column":57},"end":{"line":96,"column":1}},"line":87},"6":{"name":"(anonymous_6)","decl":{"start":{"line":98,"column":37},"end":{"line":98,"column":38}},"loc":{"start":{"line":98,"column":57},"end":{"line":107,"column":1}},"line":98},"7":{"name":"(anonymous_7)","decl":{"start":{"line":111,"column":22},"end":{"line":111,"column":23}},"loc":{"start":{"line":111,"column":42},"end":{"line":123,"column":1}},"line":111},"8":{"name":"(anonymous_8)","decl":{"start":{"line":125,"column":25},"end":{"line":125,"column":26}},"loc":{"start":{"line":125,"column":45},"end":{"line":137,"column":1}},"line":125},"9":{"name":"(anonymous_9)","decl":{"start":{"line":139,"column":37},"end":{"line":139,"column":38}},"loc":{"start":{"line":139,"column":57},"end":{"line":148,"column":1}},"line":139},"10":{"name":"(anonymous_10)","decl":{"start":{"line":151,"column":28},"end":{"line":151,"column":29}},"loc":{"start":{"line":151,"column":48},"end":{"line":163,"column":1}},"line":151}},"branchMap":{"0":{"loc":{"start":{"line":33,"column":4},"end":{"line":37,"column":5}},"type":"if","locations":[{"start":{"line":33,"column":4},"end":{"line":37,"column":5}},{"start":{"line":35,"column":11},"end":{"line":37,"column":5}}],"line":33},"1":{"loc":{"start":{"line":60,"column":4},"end":{"line":64,"column":5}},"type":"if","locations":[{"start":{"line":60,"column":4},"end":{"line":64,"column":5}},{"start":{"line":62,"column":11},"end":{"line":64,"column":5}}],"line":60},"2":{"loc":{"start":{"line":76,"column":4},"end":{"line":80,"column":5}},"type":"if","locations":[{"start":{"line":76,"column":4},"end":{"line":80,"column":5}},{"start":{"line":78,"column":11},"end":{"line":80,"column":5}}],"line":76},"3":{"loc":{"start":{"line":115,"column":4},"end":{"line":119,"column":5}},"type":"if","locations":[{"start":{"line":115,"column":4},"end":{"line":119,"column":5}},{"start":{"line":117,"column":11},"end":{"line":119,"column":5}}],"line":115},"4":{"loc":{"start":{"line":129,"column":4},"end":{"line":133,"column":5}},"type":"if","locations":[{"start":{"line":129,"column":4},"end":{"line":133,"column":5}},{"start":{"line":131,"column":11},"end":{"line":133,"column":5}}],"line":129},"5":{"loc":{"start":{"line":155,"column":4},"end":{"line":159,"column":5}},"type":"if","locations":[{"start":{"line":155,"column":4},"end":{"line":159,"column":5}},{"start":{"line":157,"column":11},"end":{"line":159,"column":5}}],"line":155}},"s":{"0":1,"1":1,"2":1,"3":1,"4":1,"5":0,"6":1,"7":1,"8":1,"9":1,"10":1,"11":1,"12":0,"13":0,"14":1,"15":2,"16":2,"17":2,"18":2,"19":0,"20":1,"21":1,"22":1,"23":1,"24":1,"25":1,"26":1,"27":0,"28":0,"29":1,"30":1,"31":1,"32":1,"33":1,"34":1,"35":1,"36":0,"37":0,"38":1,"39":0,"40":0,"41":0,"42":0,"43":0,"44":1,"45":0,"46":0,"47":0,"48":0,"49":0,"50":1,"51":1,"52":1,"53":1,"54":1,"55":1,"56":0,"57":0,"58":1,"59":0,"60":0,"61":0,"62":0,"63":0,"64":0,"65":0,"66":1,"67":0,"68":0,"69":0,"70":0,"71":0,"72":1,"73":0,"74":0,"75":0,"76":0,"77":0,"78":0,"79":0},"f":{"0":1,"1":1,"2":2,"3":1,"4":1,"5":0,"6":0,"7":1,"8":0,"9":0,"10":0},"b":{"0":[1,0],"1":[1,0],"2":[1,0],"3":[1,0],"4":[0,0],"5":[0,0]},"_coverageSchema":"1a1c01bbd47fc00a2c39e90264f33305004495a9","hash":"b1f3787f6da8c6a8abb3f4622781144c5e1032f8"}
,"C:\\Users\\Pravir\\final sdp\\Code_for_Team\\Routes\\Notification_Routes\\NotificationR.js": {"path":"C:\\Users\\Pravir\\final sdp\\Code_for_Team\\Routes\\Notification_Routes\\NotificationR.js","statementMap":{"0":{"start":{"line":10,"column":15},"end":{"line":10,"column":31}},"1":{"start":{"line":13,"column":0},"end":{"line":21,"column":3}},"2":{"start":{"line":14,"column":26},"end":{"line":14,"column":34}},"3":{"start":{"line":15,"column":2},"end":{"line":20,"column":3}},"4":{"start":{"line":16,"column":25},"end":{"line":16,"column":66}},"5":{"start":{"line":17,"column":4},"end":{"line":17,"column":39}},"6":{"start":{"line":19,"column":4},"end":{"line":19,"column":91}},"7":{"start":{"line":24,"column":0},"end":{"line":35,"column":3}},"8":{"start":{"line":25,"column":17},"end":{"line":25,"column":31}},"9":{"start":{"line":26,"column":2},"end":{"line":34,"column":3}},"10":{"start":{"line":27,"column":4},"end":{"line":29,"column":5}},"11":{"start":{"line":28,"column":6},"end":{"line":28,"column":70}},"12":{"start":{"line":30,"column":26},"end":{"line":30,"column":59}},"13":{"start":{"line":31,"column":4},"end":{"line":31,"column":40}},"14":{"start":{"line":33,"column":4},"end":{"line":33,"column":92}},"15":{"start":{"line":39,"column":0},"end":{"line":51,"column":3}},"16":{"start":{"line":40,"column":17},"end":{"line":40,"column":27}},"17":{"start":{"line":41,"column":2},"end":{"line":50,"column":3}},"18":{"start":{"line":42,"column":25},"end":{"line":42,"column":54}},"19":{"start":{"line":43,"column":4},"end":{"line":47,"column":5}},"20":{"start":{"line":44,"column":6},"end":{"line":44,"column":41}},"21":{"start":{"line":46,"column":6},"end":{"line":46,"column":66}},"22":{"start":{"line":49,"column":4},"end":{"line":49,"column":91}},"23":{"start":{"line":54,"column":0},"end":{"line":66,"column":3}},"24":{"start":{"line":55,"column":17},"end":{"line":55,"column":27}},"25":{"start":{"line":56,"column":2},"end":{"line":65,"column":3}},"26":{"start":{"line":57,"column":32},"end":{"line":57,"column":64}},"27":{"start":{"line":58,"column":4},"end":{"line":62,"column":5}},"28":{"start":{"line":59,"column":6},"end":{"line":59,"column":48}},"29":{"start":{"line":61,"column":6},"end":{"line":61,"column":66}},"30":{"start":{"line":64,"column":4},"end":{"line":64,"column":91}},"31":{"start":{"line":69,"column":0},"end":{"line":81,"column":3}},"32":{"start":{"line":70,"column":17},"end":{"line":70,"column":27}},"33":{"start":{"line":71,"column":2},"end":{"line":80,"column":3}},"34":{"start":{"line":72,"column":19},"end":{"line":72,"column":51}},"35":{"start":{"line":73,"column":4},"end":{"line":77,"column":5}},"36":{"start":{"line":74,"column":6},"end":{"line":74,"column":77}},"37":{"start":{"line":76,"column":6},"end":{"line":76,"column":66}},"38":{"start":{"line":79,"column":4},"end":{"line":79,"column":91}}},"fnMap":{"0":{"name":"(anonymous_0)","decl":{"start":{"line":13,"column":17},"end":{"line":13,"column":18}},"loc":{"start":{"line":13,"column":37},"end":{"line":21,"column":1}},"line":13},"1":{"name":"(anonymous_1)","decl":{"start":{"line":24,"column":16},"end":{"line":24,"column":17}},"loc":{"start":{"line":24,"column":36},"end":{"line":35,"column":1}},"line":24},"2":{"name":"(anonymous_2)","decl":{"start":{"line":39,"column":19},"end":{"line":39,"column":20}},"loc":{"start":{"line":39,"column":39},"end":{"line":51,"column":1}},"line":39},"3":{"name":"(anonymous_3)","decl":{"start":{"line":54,"column":24},"end":{"line":54,"column":25}},"loc":{"start":{"line":54,"column":44},"end":{"line":66,"column":1}},"line":54},"4":{"name":"(anonymous_4)","decl":{"start":{"line":69,"column":22},"end":{"line":69,"column":23}},"loc":{"start":{"line":69,"column":42},"end":{"line":81,"column":1}},"line":69}},"branchMap":{"0":{"loc":{"start":{"line":27,"column":4},"end":{"line":29,"column":5}},"type":"if","locations":[{"start":{"line":27,"column":4},"end":{"line":29,"column":5}},{"start":{},"end":{}}],"line":27},"1":{"loc":{"start":{"line":43,"column":4},"end":{"line":47,"column":5}},"type":"if","locations":[{"start":{"line":43,"column":4},"end":{"line":47,"column":5}},{"start":{"line":45,"column":11},"end":{"line":47,"column":5}}],"line":43},"2":{"loc":{"start":{"line":58,"column":4},"end":{"line":62,"column":5}},"type":"if","locations":[{"start":{"line":58,"column":4},"end":{"line":62,"column":5}},{"start":{"line":60,"column":11},"end":{"line":62,"column":5}}],"line":58},"3":{"loc":{"start":{"line":73,"column":4},"end":{"line":77,"column":5}},"type":"if","locations":[{"start":{"line":73,"column":4},"end":{"line":77,"column":5}},{"start":{"line":75,"column":11},"end":{"line":77,"column":5}}],"line":73}},"s":{"0":1,"1":1,"2":3,"3":3,"4":3,"5":2,"6":1,"7":1,"8":1,"9":1,"10":1,"11":0,"12":1,"13":1,"14":0,"15":1,"16":1,"17":1,"18":1,"19":1,"20":1,"21":0,"22":0,"23":1,"24":2,"25":2,"26":2,"27":1,"28":1,"29":0,"30":1,"31":1,"32":1,"33":1,"34":1,"35":1,"36":1,"37":0,"38":0},"f":{"0":3,"1":1,"2":1,"3":2,"4":1},"b":{"0":[0,1],"1":[1,0],"2":[1,0],"3":[1,0]},"_coverageSchema":"1a1c01bbd47fc00a2c39e90264f33305004495a9","hash":"5e7bcf060fc1549e5c86b8e85e44de5346c9b39f"}
,"C:\\Users\\Pravir\\final sdp\\Code_for_Team\\Routes\\Resourcefile_Routes\\ResourcefileR.js": {"path":"C:\\Users\\Pravir\\final sdp\\Code_for_Team\\Routes\\Resourcefile_Routes\\ResourcefileR.js","statementMap":{"0":{"start":{"line":14,"column":15},"end":{"line":14,"column":31}},"1":{"start":{"line":16,"column":0},"end":{"line":23,"column":3}},"2":{"start":{"line":17,"column":2},"end":{"line":22,"column":3}},"3":{"start":{"line":18,"column":26},"end":{"line":18,"column":53}},"4":{"start":{"line":19,"column":4},"end":{"line":19,"column":40}},"5":{"start":{"line":21,"column":4},"end":{"line":21,"column":88}},"6":{"start":{"line":25,"column":0},"end":{"line":45,"column":3}},"7":{"start":{"line":26,"column":17},"end":{"line":26,"column":27}},"8":{"start":{"line":27,"column":2},"end":{"line":44,"column":3}},"9":{"start":{"line":28,"column":25},"end":{"line":28,"column":56}},"10":{"start":{"line":30,"column":4},"end":{"line":32,"column":5}},"11":{"start":{"line":31,"column":6},"end":{"line":31,"column":65}},"12":{"start":{"line":35,"column":4},"end":{"line":38,"column":7}},"13":{"start":{"line":41,"column":4},"end":{"line":41,"column":37}},"14":{"start":{"line":43,"column":4},"end":{"line":43,"column":86}},"15":{"start":{"line":47,"column":0},"end":{"line":58,"column":3}},"16":{"start":{"line":48,"column":2},"end":{"line":57,"column":3}},"17":{"start":{"line":49,"column":21},"end":{"line":49,"column":24}},"18":{"start":{"line":50,"column":33},"end":{"line":50,"column":41}},"19":{"start":{"line":52,"column":25},"end":{"line":52,"column":73}},"20":{"start":{"line":53,"column":4},"end":{"line":53,"column":39}},"21":{"start":{"line":55,"column":4},"end":{"line":55,"column":57}},"22":{"start":{"line":56,"column":4},"end":{"line":56,"column":91}},"23":{"start":{"line":61,"column":0},"end":{"line":74,"column":3}},"24":{"start":{"line":62,"column":17},"end":{"line":62,"column":27}},"25":{"start":{"line":63,"column":18},"end":{"line":63,"column":26}},"26":{"start":{"line":64,"column":2},"end":{"line":73,"column":3}},"27":{"start":{"line":65,"column":25},"end":{"line":65,"column":62}},"28":{"start":{"line":66,"column":4},"end":{"line":70,"column":5}},"29":{"start":{"line":67,"column":6},"end":{"line":67,"column":41}},"30":{"start":{"line":69,"column":6},"end":{"line":69,"column":66}},"31":{"start":{"line":72,"column":4},"end":{"line":72,"column":91}},"32":{"start":{"line":77,"column":0},"end":{"line":87,"column":3}},"33":{"start":{"line":78,"column":17},"end":{"line":78,"column":27}},"34":{"start":{"line":79,"column":2},"end":{"line":86,"column":3}},"35":{"start":{"line":80,"column":37},"end":{"line":80,"column":45}},"36":{"start":{"line":81,"column":19},"end":{"line":81,"column":42}},"37":{"start":{"line":82,"column":19},"end":{"line":82,"column":80}},"38":{"start":{"line":83,"column":4},"end":{"line":83,"column":33}},"39":{"start":{"line":85,"column":4},"end":{"line":85,"column":86}},"40":{"start":{"line":90,"column":0},"end":{"line":98,"column":3}},"41":{"start":{"line":91,"column":24},"end":{"line":91,"column":34}},"42":{"start":{"line":92,"column":2},"end":{"line":97,"column":3}},"43":{"start":{"line":93,"column":26},"end":{"line":93,"column":72}},"44":{"start":{"line":94,"column":4},"end":{"line":94,"column":40}},"45":{"start":{"line":96,"column":4},"end":{"line":96,"column":95}},"46":{"start":{"line":101,"column":0},"end":{"line":113,"column":3}},"47":{"start":{"line":102,"column":17},"end":{"line":102,"column":27}},"48":{"start":{"line":103,"column":2},"end":{"line":112,"column":3}},"49":{"start":{"line":104,"column":19},"end":{"line":104,"column":51}},"50":{"start":{"line":105,"column":4},"end":{"line":109,"column":5}},"51":{"start":{"line":106,"column":6},"end":{"line":106,"column":77}},"52":{"start":{"line":108,"column":6},"end":{"line":108,"column":66}},"53":{"start":{"line":111,"column":4},"end":{"line":111,"column":91}}},"fnMap":{"0":{"name":"(anonymous_0)","decl":{"start":{"line":16,"column":16},"end":{"line":16,"column":17}},"loc":{"start":{"line":16,"column":36},"end":{"line":23,"column":1}},"line":16},"1":{"name":"(anonymous_1)","decl":{"start":{"line":25,"column":19},"end":{"line":25,"column":20}},"loc":{"start":{"line":25,"column":39},"end":{"line":45,"column":1}},"line":25},"2":{"name":"(anonymous_2)","decl":{"start":{"line":47,"column":29},"end":{"line":47,"column":30}},"loc":{"start":{"line":47,"column":49},"end":{"line":58,"column":1}},"line":47},"3":{"name":"(anonymous_3)","decl":{"start":{"line":61,"column":19},"end":{"line":61,"column":20}},"loc":{"start":{"line":61,"column":39},"end":{"line":74,"column":1}},"line":61},"4":{"name":"(anonymous_4)","decl":{"start":{"line":77,"column":26},"end":{"line":77,"column":27}},"loc":{"start":{"line":77,"column":46},"end":{"line":87,"column":1}},"line":77},"5":{"name":"(anonymous_5)","decl":{"start":{"line":90,"column":38},"end":{"line":90,"column":39}},"loc":{"start":{"line":90,"column":58},"end":{"line":98,"column":1}},"line":90},"6":{"name":"(anonymous_6)","decl":{"start":{"line":101,"column":22},"end":{"line":101,"column":23}},"loc":{"start":{"line":101,"column":42},"end":{"line":113,"column":1}},"line":101}},"branchMap":{"0":{"loc":{"start":{"line":30,"column":4},"end":{"line":32,"column":5}},"type":"if","locations":[{"start":{"line":30,"column":4},"end":{"line":32,"column":5}},{"start":{},"end":{}}],"line":30},"1":{"loc":{"start":{"line":66,"column":4},"end":{"line":70,"column":5}},"type":"if","locations":[{"start":{"line":66,"column":4},"end":{"line":70,"column":5}},{"start":{"line":68,"column":11},"end":{"line":70,"column":5}}],"line":66},"2":{"loc":{"start":{"line":81,"column":19},"end":{"line":81,"column":42}},"type":"binary-expr","locations":[{"start":{"line":81,"column":19},"end":{"line":81,"column":31}},{"start":{"line":81,"column":35},"end":{"line":81,"column":42}}],"line":81},"3":{"loc":{"start":{"line":105,"column":4},"end":{"line":109,"column":5}},"type":"if","locations":[{"start":{"line":105,"column":4},"end":{"line":109,"column":5}},{"start":{"line":107,"column":11},"end":{"line":109,"column":5}}],"line":105}},"s":{"0":1,"1":1,"2":1,"3":1,"4":1,"5":0,"6":1,"7":2,"8":2,"9":2,"10":2,"11":1,"12":1,"13":1,"14":0,"15":1,"16":0,"17":0,"18":0,"19":0,"20":0,"21":0,"22":0,"23":1,"24":1,"25":1,"26":1,"27":1,"28":1,"29":1,"30":0,"31":0,"32":1,"33":0,"34":0,"35":0,"36":0,"37":0,"38":0,"39":0,"40":1,"41":0,"42":0,"43":0,"44":0,"45":0,"46":1,"47":1,"48":1,"49":1,"50":1,"51":1,"52":0,"53":0},"f":{"0":1,"1":2,"2":0,"3":1,"4":0,"5":0,"6":1},"b":{"0":[1,1],"1":[1,0],"2":[0,0],"3":[1,0]},"_coverageSchema":"1a1c01bbd47fc00a2c39e90264f33305004495a9","hash":"35239750bbd2381a30de7c8c5bf78c01202d25c4"}
,"C:\\Users\\Pravir\\final sdp\\Code_for_Team\\Routes\\User_Routes\\UserR.js": {"path":"C:\\Users\\Pravir\\final sdp\\Code_for_Team\\Routes\\User_Routes\\UserR.js","statementMap":{"0":{"start":{"line":14,"column":15},"end":{"line":14,"column":58}},"1":{"start":{"line":15,"column":15},"end":{"line":15,"column":31}},"2":{"start":{"line":18,"column":0},"end":{"line":22,"column":3}},"3":{"start":{"line":19,"column":18},"end":{"line":19,"column":37}},"4":{"start":{"line":20,"column":4},"end":{"line":20,"column":32}},"5":{"start":{"line":25,"column":0},"end":{"line":37,"column":3}},"6":{"start":{"line":26,"column":17},"end":{"line":26,"column":27}},"7":{"start":{"line":27,"column":2},"end":{"line":36,"column":3}},"8":{"start":{"line":28,"column":17},"end":{"line":28,"column":38}},"9":{"start":{"line":29,"column":4},"end":{"line":33,"column":5}},"10":{"start":{"line":30,"column":6},"end":{"line":30,"column":33}},"11":{"start":{"line":32,"column":6},"end":{"line":32,"column":58}},"12":{"start":{"line":35,"column":4},"end":{"line":35,"column":83}},"13":{"start":{"line":39,"column":0},"end":{"line":55,"column":3}},"14":{"start":{"line":40,"column":2},"end":{"line":54,"column":3}},"15":{"start":{"line":41,"column":19},"end":{"line":41,"column":57}},"16":{"start":{"line":43,"column":6},"end":{"line":46,"column":7}},"17":{"start":{"line":45,"column":10},"end":{"line":45,"column":84}},"18":{"start":{"line":49,"column":6},"end":{"line":49,"column":63}},"19":{"start":{"line":50,"column":6},"end":{"line":50,"column":41}},"20":{"start":{"line":52,"column":4},"end":{"line":52,"column":23}},"21":{"start":{"line":53,"column":6},"end":{"line":53,"column":96}},"22":{"start":{"line":58,"column":0},"end":{"line":87,"column":3}},"23":{"start":{"line":59,"column":19},"end":{"line":59,"column":22}},"24":{"start":{"line":60,"column":85},"end":{"line":60,"column":93}},"25":{"start":{"line":63,"column":18},"end":{"line":69,"column":3}},"26":{"start":{"line":72,"column":2},"end":{"line":77,"column":3}},"27":{"start":{"line":73,"column":4},"end":{"line":73,"column":30}},"28":{"start":{"line":74,"column":9},"end":{"line":77,"column":3}},"29":{"start":{"line":75,"column":4},"end":{"line":75,"column":32}},"30":{"start":{"line":76,"column":4},"end":{"line":76,"column":44}},"31":{"start":{"line":79,"column":2},"end":{"line":86,"column":3}},"32":{"start":{"line":81,"column":17},"end":{"line":81,"column":48}},"33":{"start":{"line":82,"column":4},"end":{"line":82,"column":31}},"34":{"start":{"line":84,"column":4},"end":{"line":84,"column":49}},"35":{"start":{"line":85,"column":4},"end":{"line":85,"column":83}},"36":{"start":{"line":90,"column":0},"end":{"line":98,"column":3}},"37":{"start":{"line":91,"column":30},"end":{"line":91,"column":38}},"38":{"start":{"line":92,"column":2},"end":{"line":97,"column":3}},"39":{"start":{"line":93,"column":42},"end":{"line":93,"column":74}},"40":{"start":{"line":94,"column":4},"end":{"line":94,"column":69}},"41":{"start":{"line":96,"column":4},"end":{"line":96,"column":76}},"42":{"start":{"line":102,"column":0},"end":{"line":119,"column":3}},"43":{"start":{"line":103,"column":17},"end":{"line":103,"column":27}},"44":{"start":{"line":104,"column":18},"end":{"line":104,"column":26}},"45":{"start":{"line":105,"column":15},"end":{"line":105,"column":23}},"46":{"start":{"line":107,"column":2},"end":{"line":118,"column":3}},"47":{"start":{"line":108,"column":17},"end":{"line":108,"column":52}},"48":{"start":{"line":110,"column":4},"end":{"line":114,"column":5}},"49":{"start":{"line":111,"column":6},"end":{"line":111,"column":33}},"50":{"start":{"line":113,"column":6},"end":{"line":113,"column":58}},"51":{"start":{"line":116,"column":4},"end":{"line":116,"column":49}},"52":{"start":{"line":117,"column":4},"end":{"line":117,"column":83}},"53":{"start":{"line":122,"column":0},"end":{"line":134,"column":3}},"54":{"start":{"line":123,"column":17},"end":{"line":123,"column":27}},"55":{"start":{"line":124,"column":2},"end":{"line":133,"column":3}},"56":{"start":{"line":125,"column":19},"end":{"line":125,"column":43}},"57":{"start":{"line":126,"column":4},"end":{"line":130,"column":5}},"58":{"start":{"line":127,"column":6},"end":{"line":127,"column":69}},"59":{"start":{"line":129,"column":6},"end":{"line":129,"column":58}},"60":{"start":{"line":132,"column":4},"end":{"line":132,"column":83}}},"fnMap":{"0":{"name":"(anonymous_0)","decl":{"start":{"line":18,"column":16},"end":{"line":18,"column":17}},"loc":{"start":{"line":18,"column":36},"end":{"line":22,"column":1}},"line":18},"1":{"name":"(anonymous_1)","decl":{"start":{"line":25,"column":19},"end":{"line":25,"column":20}},"loc":{"start":{"line":25,"column":39},"end":{"line":37,"column":1}},"line":25},"2":{"name":"(anonymous_2)","decl":{"start":{"line":39,"column":39},"end":{"line":39,"column":40}},"loc":{"start":{"line":39,"column":59},"end":{"line":55,"column":1}},"line":39},"3":{"name":"(anonymous_3)","decl":{"start":{"line":58,"column":50},"end":{"line":58,"column":51}},"loc":{"start":{"line":58,"column":70},"end":{"line":87,"column":1}},"line":58},"4":{"name":"(anonymous_4)","decl":{"start":{"line":90,"column":22},"end":{"line":90,"column":23}},"loc":{"start":{"line":90,"column":42},"end":{"line":98,"column":1}},"line":90},"5":{"name":"(anonymous_5)","decl":{"start":{"line":102,"column":52},"end":{"line":102,"column":53}},"loc":{"start":{"line":102,"column":72},"end":{"line":119,"column":1}},"line":102},"6":{"name":"(anonymous_6)","decl":{"start":{"line":122,"column":22},"end":{"line":122,"column":23}},"loc":{"start":{"line":122,"column":42},"end":{"line":134,"column":1}},"line":122}},"branchMap":{"0":{"loc":{"start":{"line":29,"column":4},"end":{"line":33,"column":5}},"type":"if","locations":[{"start":{"line":29,"column":4},"end":{"line":33,"column":5}},{"start":{"line":31,"column":11},"end":{"line":33,"column":5}}],"line":29},"1":{"loc":{"start":{"line":43,"column":6},"end":{"line":46,"column":7}},"type":"if","locations":[{"start":{"line":43,"column":6},"end":{"line":46,"column":7}},{"start":{},"end":{}}],"line":43},"2":{"loc":{"start":{"line":43,"column":10},"end":{"line":43,"column":68}},"type":"binary-expr","locations":[{"start":{"line":43,"column":10},"end":{"line":43,"column":15}},{"start":{"line":43,"column":19},"end":{"line":43,"column":39}},{"start":{"line":43,"column":43},"end":{"line":43,"column":68}}],"line":43},"3":{"loc":{"start":{"line":72,"column":2},"end":{"line":77,"column":3}},"type":"if","locations":[{"start":{"line":72,"column":2},"end":{"line":77,"column":3}},{"start":{"line":74,"column":9},"end":{"line":77,"column":3}}],"line":72},"4":{"loc":{"start":{"line":74,"column":9},"end":{"line":77,"column":3}},"type":"if","locations":[{"start":{"line":74,"column":9},"end":{"line":77,"column":3}},{"start":{},"end":{}}],"line":74},"5":{"loc":{"start":{"line":110,"column":4},"end":{"line":114,"column":5}},"type":"if","locations":[{"start":{"line":110,"column":4},"end":{"line":114,"column":5}},{"start":{"line":112,"column":11},"end":{"line":114,"column":5}}],"line":110},"6":{"loc":{"start":{"line":126,"column":4},"end":{"line":130,"column":5}},"type":"if","locations":[{"start":{"line":126,"column":4},"end":{"line":130,"column":5}},{"start":{"line":128,"column":11},"end":{"line":130,"column":5}}],"line":126}},"s":{"0":1,"1":1,"2":1,"3":1,"4":1,"5":1,"6":2,"7":2,"8":2,"9":1,"10":1,"11":0,"12":1,"13":1,"14":1,"15":1,"16":1,"17":0,"18":1,"19":1,"20":0,"21":0,"22":1,"23":2,"24":2,"25":2,"26":2,"27":1,"28":1,"29":1,"30":1,"31":2,"32":2,"33":2,"34":0,"35":0,"36":1,"37":1,"38":1,"39":1,"40":0,"41":1,"42":1,"43":2,"44":2,"45":2,"46":2,"47":2,"48":2,"49":2,"50":0,"51":0,"52":0,"53":1,"54":2,"55":2,"56":2,"57":2,"58":2,"59":0,"60":0},"f":{"0":1,"1":2,"2":1,"3":2,"4":1,"5":2,"6":2},"b":{"0":[1,0],"1":[0,1],"2":[1,1,1],"3":[1,1],"4":[1,0],"5":[2,0],"6":[2,0]},"_coverageSchema":"1a1c01bbd47fc00a2c39e90264f33305004495a9","hash":"281c7aaba462d37fefc00bf5f50cb1da4a78271e"}
,"C:\\Users\\Pravir\\final sdp\\Code_for_Team\\Routes\\VirtualTutoring_Routes\\VirtualTutoringR.js": {"path":"C:\\Users\\Pravir\\final sdp\\Code_for_Team\\Routes\\VirtualTutoring_Routes\\VirtualTutoringR.js","statementMap":{"0":{"start":{"line":11,"column":15},"end":{"line":11,"column":31}},"1":{"start":{"line":13,"column":0},"end":{"line":20,"column":3}},"2":{"start":{"line":14,"column":2},"end":{"line":19,"column":3}},"3":{"start":{"line":15,"column":21},"end":{"line":15,"column":43}},"4":{"start":{"line":16,"column":4},"end":{"line":16,"column":35}},"5":{"start":{"line":18,"column":4},"end":{"line":18,"column":87}},"6":{"start":{"line":23,"column":0},"end":{"line":35,"column":3}},"7":{"start":{"line":24,"column":17},"end":{"line":24,"column":27}},"8":{"start":{"line":25,"column":2},"end":{"line":34,"column":3}},"9":{"start":{"line":26,"column":20},"end":{"line":26,"column":44}},"10":{"start":{"line":27,"column":4},"end":{"line":31,"column":5}},"11":{"start":{"line":28,"column":6},"end":{"line":28,"column":36}},"12":{"start":{"line":30,"column":6},"end":{"line":30,"column":61}},"13":{"start":{"line":33,"column":4},"end":{"line":33,"column":86}},"14":{"start":{"line":37,"column":0},"end":{"line":46,"column":3}},"15":{"start":{"line":38,"column":21},"end":{"line":38,"column":29}},"16":{"start":{"line":39,"column":2},"end":{"line":45,"column":3}},"17":{"start":{"line":40,"column":20},"end":{"line":40,"column":51}},"18":{"start":{"line":41,"column":4},"end":{"line":41,"column":34}},"19":{"start":{"line":43,"column":4},"end":{"line":43,"column":52}},"20":{"start":{"line":44,"column":4},"end":{"line":44,"column":86}},"21":{"start":{"line":49,"column":0},"end":{"line":62,"column":3}},"22":{"start":{"line":50,"column":17},"end":{"line":50,"column":27}},"23":{"start":{"line":51,"column":18},"end":{"line":51,"column":26}},"24":{"start":{"line":52,"column":2},"end":{"line":61,"column":3}},"25":{"start":{"line":53,"column":20},"end":{"line":53,"column":52}},"26":{"start":{"line":54,"column":4},"end":{"line":58,"column":5}},"27":{"start":{"line":55,"column":6},"end":{"line":55,"column":36}},"28":{"start":{"line":57,"column":6},"end":{"line":57,"column":61}},"29":{"start":{"line":60,"column":4},"end":{"line":60,"column":86}},"30":{"start":{"line":65,"column":0},"end":{"line":77,"column":3}},"31":{"start":{"line":66,"column":17},"end":{"line":66,"column":27}},"32":{"start":{"line":67,"column":2},"end":{"line":76,"column":3}},"33":{"start":{"line":68,"column":19},"end":{"line":68,"column":46}},"34":{"start":{"line":69,"column":4},"end":{"line":73,"column":5}},"35":{"start":{"line":70,"column":6},"end":{"line":70,"column":72}},"36":{"start":{"line":72,"column":6},"end":{"line":72,"column":61}},"37":{"start":{"line":75,"column":4},"end":{"line":75,"column":86}},"38":{"start":{"line":79,"column":0},"end":{"line":91,"column":3}},"39":{"start":{"line":80,"column":24},"end":{"line":80,"column":34}},"40":{"start":{"line":81,"column":2},"end":{"line":90,"column":3}},"41":{"start":{"line":82,"column":21},"end":{"line":82,"column":60}},"42":{"start":{"line":83,"column":4},"end":{"line":87,"column":5}},"43":{"start":{"line":84,"column":6},"end":{"line":84,"column":37}},"44":{"start":{"line":86,"column":6},"end":{"line":86,"column":78}},"45":{"start":{"line":89,"column":4},"end":{"line":89,"column":87}}},"fnMap":{"0":{"name":"(anonymous_0)","decl":{"start":{"line":13,"column":16},"end":{"line":13,"column":17}},"loc":{"start":{"line":13,"column":36},"end":{"line":20,"column":1}},"line":13},"1":{"name":"(anonymous_1)","decl":{"start":{"line":23,"column":19},"end":{"line":23,"column":20}},"loc":{"start":{"line":23,"column":39},"end":{"line":35,"column":1}},"line":23},"2":{"name":"(anonymous_2)","decl":{"start":{"line":37,"column":17},"end":{"line":37,"column":18}},"loc":{"start":{"line":37,"column":37},"end":{"line":46,"column":1}},"line":37},"3":{"name":"(anonymous_3)","decl":{"start":{"line":49,"column":19},"end":{"line":49,"column":20}},"loc":{"start":{"line":49,"column":39},"end":{"line":62,"column":1}},"line":49},"4":{"name":"(anonymous_4)","decl":{"start":{"line":65,"column":22},"end":{"line":65,"column":23}},"loc":{"start":{"line":65,"column":42},"end":{"line":77,"column":1}},"line":65},"5":{"name":"(anonymous_5)","decl":{"start":{"line":79,"column":34},"end":{"line":79,"column":35}},"loc":{"start":{"line":79,"column":54},"end":{"line":91,"column":1}},"line":79}},"branchMap":{"0":{"loc":{"start":{"line":27,"column":4},"end":{"line":31,"column":5}},"type":"if","locations":[{"start":{"line":27,"column":4},"end":{"line":31,"column":5}},{"start":{"line":29,"column":11},"end":{"line":31,"column":5}}],"line":27},"1":{"loc":{"start":{"line":54,"column":4},"end":{"line":58,"column":5}},"type":"if","locations":[{"start":{"line":54,"column":4},"end":{"line":58,"column":5}},{"start":{"line":56,"column":11},"end":{"line":58,"column":5}}],"line":54},"2":{"loc":{"start":{"line":69,"column":4},"end":{"line":73,"column":5}},"type":"if","locations":[{"start":{"line":69,"column":4},"end":{"line":73,"column":5}},{"start":{"line":71,"column":11},"end":{"line":73,"column":5}}],"line":69},"3":{"loc":{"start":{"line":83,"column":4},"end":{"line":87,"column":5}},"type":"if","locations":[{"start":{"line":83,"column":4},"end":{"line":87,"column":5}},{"start":{"line":85,"column":11},"end":{"line":87,"column":5}}],"line":83}},"s":{"0":1,"1":1,"2":1,"3":1,"4":1,"5":0,"6":1,"7":2,"8":2,"9":2,"10":1,"11":1,"12":0,"13":1,"14":1,"15":1,"16":1,"17":1,"18":1,"19":0,"20":0,"21":1,"22":1,"23":1,"24":1,"25":1,"26":1,"27":1,"28":0,"29":0,"30":1,"31":1,"32":1,"33":1,"34":1,"35":1,"36":0,"37":0,"38":1,"39":2,"40":2,"41":2,"42":2,"43":1,"44":1,"45":0},"f":{"0":1,"1":2,"2":1,"3":1,"4":1,"5":2},"b":{"0":[1,0],"1":[1,0],"2":[1,0],"3":[1,1]},"_coverageSchema":"1a1c01bbd47fc00a2c39e90264f33305004495a9","hash":"0f3e1da0fb91321068375963860492554f305fcd"}
}
