TN:
SF:multerconfig.js
FNF:0
FNH:0
DA:4,1
DA:5,1
DA:7,1
LF:3
LH:3
BRF:0
BRH:0
end_of_record
TN:
SF:Authentication\RouteA.js
FN:16,(anonymous_0)
FN:36,(anonymous_1)
FNF:2
FNH:0
FNDA:0,(anonymous_0)
FNDA:0,(anonymous_1)
DA:6,1
DA:9,1
DA:13,1
DA:36,1
LF:4
LH:4
BRF:0
BRH:0
end_of_record
TN:
SF:Authentication\passport.js
FN:16,(anonymous_0)
FNF:1
FNH:0
FNDA:0,(anonymous_0)
DA:7,1
DA:8,1
LF:2
LH:2
BRF:0
BRH:0
end_of_record
TN:
SF:Controllers\Notification_Controller\NotificationC.js
FN:4,(anonymous_0)
FN:15,(anonymous_1)
FN:26,(anonymous_2)
FN:39,(anonymous_3)
FN:54,(anonymous_4)
FNF:5
FNH:5
FNDA:3,(anonymous_0)
FNDA:1,(anonymous_1)
FNDA:1,(anonymous_2)
FNDA:2,(anonymous_3)
FNDA:1,(anonymous_4)
DA:4,1
DA:5,3
DA:6,3
DA:7,3
DA:8,2
DA:10,1
DA:15,1
DA:16,1
DA:18,1
DA:19,1
DA:21,0
DA:26,1
DA:27,1
DA:28,1
DA:29,1
DA:30,0
DA:32,1
DA:34,0
DA:39,1
DA:40,2
DA:41,2
DA:42,1
DA:43,0
DA:45,1
DA:46,1
DA:47,1
DA:49,1
DA:54,1
DA:55,1
DA:56,1
DA:57,1
DA:58,0
DA:60,1
DA:62,0
LF:34
LH:28
BRDA:29,0,0,0
BRDA:29,0,1,1
BRDA:42,1,0,0
BRDA:42,1,1,1
BRDA:57,2,0,0
BRDA:57,2,1,1
BRF:6
BRH:3
end_of_record
TN:
SF:Controllers\User_Controller\UserC.js
FN:6,(anonymous_0)
FN:39,(anonymous_1)
FN:64,(anonymous_2)
FN:70,(anonymous_3)
FN:83,(anonymous_4)
FN:100,(anonymous_5)
FN:114,(anonymous_6)
FNF:7
FNH:7
FNDA:2,(anonymous_0)
FNDA:1,(anonymous_1)
FNDA:1,(anonymous_2)
FNDA:2,(anonymous_3)
FNDA:2,(anonymous_4)
FNDA:2,(anonymous_5)
FNDA:2,(anonymous_6)
DA:6,1
DA:7,2
DA:9,2
DA:10,2
DA:11,0
DA:19,2
DA:24,2
DA:26,2
DA:33,2
DA:35,0
DA:39,1
DA:40,1
DA:41,1
DA:42,1
DA:43,1
DA:46,0
DA:47,0
DA:48,0
DA:51,0
DA:57,0
DA:59,1
DA:64,1
DA:65,1
DA:66,1
DA:70,1
DA:71,2
DA:72,2
DA:73,2
DA:74,1
DA:76,1
DA:78,1
DA:83,1
DA:84,2
DA:85,2
DA:86,2
DA:87,0
DA:91,2
DA:92,1
DA:100,2
DA:101,2
DA:105,2
DA:106,2
DA:108,0
DA:114,1
DA:115,2
DA:116,2
DA:117,2
DA:118,0
DA:120,2
DA:122,0
LF:50
LH:39
BRDA:10,0,0,0
BRDA:10,0,1,2
BRDA:42,1,0,1
BRDA:42,1,1,0
BRDA:47,2,0,0
BRDA:47,2,1,0
BRDA:73,3,0,1
BRDA:73,3,1,1
BRDA:86,4,0,0
BRDA:86,4,1,2
BRDA:91,5,0,1
BRDA:91,5,1,1
BRDA:117,6,0,0
BRDA:117,6,1,2
BRF:14
BRH:8
end_of_record
TN:
SF:Controllers\VirtualTutoring_Controller\VirtualTutoringC.js
FN:4,(anonymous_0)
FN:15,(anonymous_1)
FN:27,(anonymous_2)
FN:42,(anonymous_3)
FN:49,(anonymous_4)
FN:61,(anonymous_5)
FN:74,(anonymous_6)
FNF:7
FNH:7
FNDA:1,(anonymous_0)
FNDA:1,(anonymous_1)
FNDA:2,(anonymous_2)
FNDA:1,(anonymous_3)
FNDA:1,(anonymous_4)
FNDA:1,(anonymous_5)
FNDA:2,(anonymous_6)
DA:4,1
DA:5,1
DA:6,1
DA:7,1
DA:8,1
DA:10,0
DA:15,1
DA:16,1
DA:17,1
DA:20,1
DA:22,0
DA:27,1
DA:28,2
DA:29,2
DA:32,2
DA:33,1
DA:35,1
DA:37,1
DA:42,1
DA:43,1
DA:44,1
DA:45,1
DA:46,0
DA:49,1
DA:50,1
DA:53,1
DA:54,1
DA:56,0
DA:61,1
DA:62,1
DA:63,1
DA:64,1
DA:65,0
DA:67,1
DA:69,0
DA:74,1
DA:75,2
DA:76,2
DA:80,2
DA:84,2
DA:86,0
LF:41
LH:34
BRDA:32,0,0,1
BRDA:32,0,1,1
BRDA:45,1,0,0
BRDA:45,1,1,1
BRDA:64,2,0,0
BRDA:64,2,1,1
BRDA:80,3,0,1
BRDA:80,3,1,1
BRF:8
BRH:6
end_of_record
TN:
SF:Models\Booking.js
FN:50,(anonymous_0)
FN:55,(anonymous_1)
FNF:2
FNH:2
FNDA:4,(anonymous_0)
FNDA:4,(anonymous_1)
DA:4,1
DA:50,4
DA:55,4
DA:72,1
LF:4
LH:4
BRF:0
BRH:0
end_of_record
TN:
SF:Models\Notification.js
FNF:0
FNH:0
DA:3,1
DA:19,1
LF:2
LH:2
BRF:0
BRH:0
end_of_record
TN:
SF:Models\Resourcefile.js
FNF:0
FNH:0
DA:3,1
DA:30,1
LF:2
LH:2
BRF:0
BRH:0
end_of_record
TN:
SF:Models\Resources.js
FNF:0
FNH:0
DA:4,1
DA:32,1
LF:2
LH:2
BRF:0
BRH:0
end_of_record
TN:
SF:Models\User.js
FN:21,(anonymous_0)
FN:72,(anonymous_1)
FNF:2
FNH:2
FNDA:4,(anonymous_0)
FNDA:4,(anonymous_1)
DA:5,1
DA:28,4
DA:72,1
DA:73,4
DA:74,4
DA:77,4
DA:78,2
DA:79,1
DA:80,1
DA:81,1
DA:82,1
DA:85,4
DA:89,1
LF:13
LH:13
BRDA:73,0,0,4
BRDA:73,0,1,0
BRDA:77,1,0,2
BRDA:77,1,1,2
BRDA:78,2,0,1
BRDA:78,2,1,1
BRDA:81,3,0,1
BRDA:81,3,1,0
BRF:8
BRH:6
end_of_record
TN:
SF:Models\VirtualTutoring.js
FNF:0
FNH:0
DA:4,1
DA:36,1
LF:2
LH:2
BRF:0
BRH:0
end_of_record
TN:
SF:Routes\Booking_Routes\BookingR.js
FN:19,(anonymous_0)
FN:29,(anonymous_1)
FN:44,(anonymous_2)
FN:55,(anonymous_3)
FN:71,(anonymous_4)
FN:87,(anonymous_5)
FN:98,(anonymous_6)
FN:111,(anonymous_7)
FN:125,(anonymous_8)
FN:139,(anonymous_9)
FN:151,(anonymous_10)
FNF:11
FNH:6
FNDA:1,(anonymous_0)
FNDA:1,(anonymous_1)
FNDA:2,(anonymous_2)
FNDA:1,(anonymous_3)
FNDA:1,(anonymous_4)
FNDA:0,(anonymous_5)
FNDA:0,(anonymous_6)
FNDA:1,(anonymous_7)
FNDA:0,(anonymous_8)
FNDA:0,(anonymous_9)
FNDA:0,(anonymous_10)
DA:16,1
DA:19,1
DA:20,1
DA:21,1
DA:22,1
DA:24,0
DA:29,1
DA:30,1
DA:31,1
DA:32,1
DA:33,1
DA:34,1
DA:36,0
DA:39,0
DA:44,1
DA:45,2
DA:46,2
DA:47,2
DA:48,2
DA:50,0
DA:55,1
DA:56,1
DA:57,1
DA:58,1
DA:59,1
DA:60,1
DA:61,1
DA:63,0
DA:66,0
DA:71,1
DA:72,1
DA:73,1
DA:74,1
DA:75,1
DA:76,1
DA:77,1
DA:79,0
DA:82,0
DA:87,1
DA:88,0
DA:89,0
DA:91,0
DA:92,0
DA:94,0
DA:98,1
DA:99,0
DA:100,0
DA:102,0
DA:103,0
DA:105,0
DA:111,1
DA:112,1
DA:113,1
DA:114,1
DA:115,1
DA:116,1
DA:118,0
DA:121,0
DA:125,1
DA:126,0
DA:127,0
DA:128,0
DA:129,0
DA:130,0
DA:132,0
DA:135,0
DA:139,1
DA:140,0
DA:141,0
DA:143,0
DA:144,0
DA:146,0
DA:151,1
DA:152,0
DA:153,0
DA:154,0
DA:155,0
DA:156,0
DA:158,0
DA:161,0
LF:80
LH:41
BRDA:33,0,0,1
BRDA:33,0,1,0
BRDA:60,1,0,1
BRDA:60,1,1,0
BRDA:76,2,0,1
BRDA:76,2,1,0
BRDA:115,3,0,1
BRDA:115,3,1,0
BRDA:129,4,0,0
BRDA:129,4,1,0
BRDA:155,5,0,0
BRDA:155,5,1,0
BRF:12
BRH:4
end_of_record
TN:
SF:Routes\Notification_Routes\NotificationR.js
FN:13,(anonymous_0)
FN:24,(anonymous_1)
FN:39,(anonymous_2)
FN:54,(anonymous_3)
FN:69,(anonymous_4)
FNF:5
FNH:5
FNDA:3,(anonymous_0)
FNDA:1,(anonymous_1)
FNDA:1,(anonymous_2)
FNDA:2,(anonymous_3)
FNDA:1,(anonymous_4)
DA:10,1
DA:13,1
DA:14,3
DA:15,3
DA:16,3
DA:17,2
DA:19,1
DA:24,1
DA:25,1
DA:26,1
DA:27,1
DA:28,0
DA:30,1
DA:31,1
DA:33,0
DA:39,1
DA:40,1
DA:41,1
DA:42,1
DA:43,1
DA:44,1
DA:46,0
DA:49,0
DA:54,1
DA:55,2
DA:56,2
DA:57,2
DA:58,1
DA:59,1
DA:61,0
DA:64,1
DA:69,1
DA:70,1
DA:71,1
DA:72,1
DA:73,1
DA:74,1
DA:76,0
DA:79,0
LF:39
LH:32
BRDA:27,0,0,0
BRDA:27,0,1,1
BRDA:43,1,0,1
BRDA:43,1,1,0
BRDA:58,2,0,1
BRDA:58,2,1,0
BRDA:73,3,0,1
BRDA:73,3,1,0
BRF:8
BRH:4
end_of_record
TN:
SF:Routes\Resourcefile_Routes\ResourcefileR.js
FN:16,(anonymous_0)
FN:25,(anonymous_1)
FN:47,(anonymous_2)
FN:61,(anonymous_3)
FN:77,(anonymous_4)
FN:90,(anonymous_5)
FN:101,(anonymous_6)
FNF:7
FNH:4
FNDA:1,(anonymous_0)
FNDA:2,(anonymous_1)
FNDA:0,(anonymous_2)
FNDA:1,(anonymous_3)
FNDA:0,(anonymous_4)
FNDA:0,(anonymous_5)
FNDA:1,(anonymous_6)
DA:14,1
DA:16,1
DA:17,1
DA:18,1
DA:19,1
DA:21,0
DA:25,1
DA:26,2
DA:27,2
DA:28,2
DA:30,2
DA:31,1
DA:35,1
DA:41,1
DA:43,0
DA:47,1
DA:48,0
DA:49,0
DA:50,0
DA:52,0
DA:53,0
DA:55,0
DA:56,0
DA:61,1
DA:62,1
DA:63,1
DA:64,1
DA:65,1
DA:66,1
DA:67,1
DA:69,0
DA:72,0
DA:77,1
DA:78,0
DA:79,0
DA:80,0
DA:81,0
DA:82,0
DA:83,0
DA:85,0
DA:90,1
DA:91,0
DA:92,0
DA:93,0
DA:94,0
DA:96,0
DA:101,1
DA:102,1
DA:103,1
DA:104,1
DA:105,1
DA:106,1
DA:108,0
DA:111,0
LF:54
LH:29
BRDA:30,0,0,1
BRDA:30,0,1,1
BRDA:66,1,0,1
BRDA:66,1,1,0
BRDA:81,2,0,0
BRDA:81,2,1,0
BRDA:105,3,0,1
BRDA:105,3,1,0
BRF:8
BRH:4
end_of_record
TN:
SF:Routes\User_Routes\UserR.js
FN:18,(anonymous_0)
FN:25,(anonymous_1)
FN:39,(anonymous_2)
FN:58,(anonymous_3)
FN:90,(anonymous_4)
FN:102,(anonymous_5)
FN:122,(anonymous_6)
FNF:7
FNH:7
FNDA:1,(anonymous_0)
FNDA:2,(anonymous_1)
FNDA:1,(anonymous_2)
FNDA:2,(anonymous_3)
FNDA:1,(anonymous_4)
FNDA:2,(anonymous_5)
FNDA:2,(anonymous_6)
DA:14,1
DA:15,1
DA:18,1
DA:19,1
DA:20,1
DA:25,1
DA:26,2
DA:27,2
DA:28,2
DA:29,1
DA:30,1
DA:32,0
DA:35,1
DA:39,1
DA:40,1
DA:41,1
DA:43,1
DA:45,0
DA:49,1
DA:50,1
DA:52,0
DA:53,0
DA:58,1
DA:59,2
DA:60,2
DA:63,2
DA:72,2
DA:73,1
DA:74,1
DA:75,1
DA:76,1
DA:79,2
DA:81,2
DA:82,2
DA:84,0
DA:85,0
DA:90,1
DA:91,1
DA:92,1
DA:93,1
DA:94,0
DA:96,1
DA:102,1
DA:103,2
DA:104,2
DA:105,2
DA:107,2
DA:108,2
DA:110,2
DA:111,2
DA:113,0
DA:116,0
DA:117,0
DA:122,1
DA:123,2
DA:124,2
DA:125,2
DA:126,2
DA:127,2
DA:129,0
DA:132,0
LF:61
LH:49
BRDA:29,0,0,1
BRDA:29,0,1,0
BRDA:43,1,0,0
BRDA:43,1,1,1
BRDA:43,2,0,1
BRDA:43,2,1,1
BRDA:43,2,2,1
BRDA:72,3,0,1
BRDA:72,3,1,1
BRDA:74,4,0,1
BRDA:74,4,1,0
BRDA:110,5,0,2
BRDA:110,5,1,0
BRDA:126,6,0,2
BRDA:126,6,1,0
BRF:15
BRH:10
end_of_record
TN:
SF:Routes\VirtualTutoring_Routes\VirtualTutoringR.js
FN:13,(anonymous_0)
FN:23,(anonymous_1)
FN:37,(anonymous_2)
FN:49,(anonymous_3)
FN:65,(anonymous_4)
FN:79,(anonymous_5)
FNF:6
FNH:6
FNDA:1,(anonymous_0)
FNDA:2,(anonymous_1)
FNDA:1,(anonymous_2)
FNDA:1,(anonymous_3)
FNDA:1,(anonymous_4)
FNDA:2,(anonymous_5)
DA:11,1
DA:13,1
DA:14,1
DA:15,1
DA:16,1
DA:18,0
DA:23,1
DA:24,2
DA:25,2
DA:26,2
DA:27,1
DA:28,1
DA:30,0
DA:33,1
DA:37,1
DA:38,1
DA:39,1
DA:40,1
DA:41,1
DA:43,0
DA:44,0
DA:49,1
DA:50,1
DA:51,1
DA:52,1
DA:53,1
DA:54,1
DA:55,1
DA:57,0
DA:60,0
DA:65,1
DA:66,1
DA:67,1
DA:68,1
DA:69,1
DA:70,1
DA:72,0
DA:75,0
DA:79,1
DA:80,2
DA:81,2
DA:82,2
DA:83,2
DA:84,1
DA:86,1
DA:89,0
LF:46
LH:37
BRDA:27,0,0,1
BRDA:27,0,1,0
BRDA:54,1,0,1
BRDA:54,1,1,0
BRDA:69,2,0,1
BRDA:69,2,1,0
BRDA:83,3,0,1
BRDA:83,3,1,1
BRF:8
BRH:5
end_of_record
